2020-10-14 14:28:37,135 [INFO] Activator:178 - 


2020-10-14 14:28:37,144 [INFO] Activator:179 - !SESSION log4j initialized
2020-10-14 14:29:17,081 [INFO] ApplicationProperties:181 - Using Application install path: C:\ST\STM32CubeIDE_1.4.0\STM32CubeIDE\plugins\com.st.stm32cube.common.mx_6.0.0.202007160824
2020-10-14 14:29:17,095 [INFO] DbMcusXml:70 - Set database path to: C:\ST\STM32CubeIDE_1.4.0\STM32CubeIDE\plugins\com.st.stm32cube.common.mx_6.0.0.202007160824\\db\/mcu/
2020-10-14 14:29:17,099 [INFO] DbBoardsPdsc:56 - Set plugin database path to: C:\ST\STM32CubeIDE_1.4.0\STM32CubeIDE\plugins\com.st.stm32cube.common.mx_6.0.0.202007160824\\db\/plugins/boardmanager/
2020-10-14 14:29:17,099 [INFO] DbMcus:258 - Set plugin images path to: C:\ST\STM32CubeIDE_1.4.0\STM32CubeIDE\plugins\com.st.stm32cube.common.mx_6.0.0.202007160824\\db\/plugins/mcufinder/images/
2020-10-14 14:29:17,099 [INFO] DbBoards:264 - Set plugin images path to: C:\ST\STM32CubeIDE_1.4.0\STM32CubeIDE\plugins\com.st.stm32cube.common.mx_6.0.0.202007160824\\db\/plugins/mcufinder/images/
2020-10-14 14:29:17,103 [INFO] DbExamples:326 - Set plugin images path to: C:\ST\STM32CubeIDE_1.4.0\STM32CubeIDE\plugins\com.st.stm32cube.common.mx_6.0.0.202007160824\\db\/plugins/mcufinder/images/
2020-10-14 14:29:17,111 [INFO] DbMcusDocs:112 - Set database path to: C:\Users\Mikhail_Kalinichenko\.stmcufinder\plugins\mcufinder//mcu/
2020-10-14 14:29:17,114 [INFO] DbMcusJson:63 - Set database path to: C:\Users\Mikhail_Kalinichenko\.stmcufinder\plugins\mcufinder//mcu/
2020-10-14 14:29:17,115 [INFO] DbBoardsDocs:112 - Set database path to: C:\Users\Mikhail_Kalinichenko\.stmcufinder\plugins\mcufinder//mcu/
2020-10-14 14:29:17,119 [INFO] DbBoardsJson:56 - Set database path to: C:\Users\Mikhail_Kalinichenko\.stmcufinder\plugins\mcufinder//mcu/
2020-10-14 14:29:17,132 [INFO] CrossReferenceDbSqlite:196 - Set database path to: C:\Users\Mikhail_Kalinichenko\.stmcufinder\plugins\mcufinder//mcu/cs/
2020-10-14 14:29:17,136 [INFO] DbExamplesSqlite:800 - Set database path to: C:\Users\Mikhail_Kalinichenko\.stmcufinder\plugins\mcufinder//mcu/
2020-10-14 14:29:17,282 [INFO] RulesReader:52 - Compatibility file has been processed (209 Rules)
2020-10-14 14:29:17,487 [INFO] MicroXplorer:564 - Detected Java Version = 1.8.0_252
2020-10-14 14:29:17,488 [INFO] DbMcusXml:70 - Set database path to: C:\ST\STM32CubeIDE_1.4.0\STM32CubeIDE\plugins\com.st.stm32cube.common.mx_6.0.0.202007160824\\db\/mcu/
2020-10-14 14:29:17,488 [INFO] DbBoardsPdsc:56 - Set plugin database path to: C:\ST\STM32CubeIDE_1.4.0\STM32CubeIDE\plugins\com.st.stm32cube.common.mx_6.0.0.202007160824\\db\/plugins/boardmanager/
2020-10-14 14:29:17,489 [INFO] DbMcus:258 - Set plugin images path to: C:\ST\STM32CubeIDE_1.4.0\STM32CubeIDE\plugins\com.st.stm32cube.common.mx_6.0.0.202007160824\\db\/plugins/mcufinder/images/
2020-10-14 14:29:17,490 [INFO] DbBoards:264 - Set plugin images path to: C:\ST\STM32CubeIDE_1.4.0\STM32CubeIDE\plugins\com.st.stm32cube.common.mx_6.0.0.202007160824\\db\/plugins/mcufinder/images/
2020-10-14 14:29:17,490 [INFO] DbExamples:326 - Set plugin images path to: C:\ST\STM32CubeIDE_1.4.0\STM32CubeIDE\plugins\com.st.stm32cube.common.mx_6.0.0.202007160824\\db\/plugins/mcufinder/images/
2020-10-14 14:29:17,490 [WARN] DbFile:36 - Overriding database path with different value: C:\Users\Mikhail_Kalinichenko\.stmcufinder\plugins\mcufinder/ => C:\Users\Mikhail_Kalinichenko\.stmcufinder\plugins\mcufinder
2020-10-14 14:29:17,490 [INFO] DbMcusDocs:112 - Set database path to: C:\Users\Mikhail_Kalinichenko\.stmcufinder\plugins\mcufinder//mcu/
2020-10-14 14:29:17,491 [WARN] DbFile:36 - Overriding database path with different value: C:\Users\Mikhail_Kalinichenko\.stmcufinder\plugins\mcufinder/ => C:\Users\Mikhail_Kalinichenko\.stmcufinder\plugins\mcufinder
2020-10-14 14:29:17,491 [INFO] DbMcusJson:63 - Set database path to: C:\Users\Mikhail_Kalinichenko\.stmcufinder\plugins\mcufinder//mcu/
2020-10-14 14:29:17,491 [WARN] DbFile:36 - Overriding database path with different value: C:\Users\Mikhail_Kalinichenko\.stmcufinder\plugins\mcufinder/ => C:\Users\Mikhail_Kalinichenko\.stmcufinder\plugins\mcufinder
2020-10-14 14:29:17,491 [INFO] DbBoardsDocs:112 - Set database path to: C:\Users\Mikhail_Kalinichenko\.stmcufinder\plugins\mcufinder//mcu/
2020-10-14 14:29:17,492 [WARN] DbFile:36 - Overriding database path with different value: C:\Users\Mikhail_Kalinichenko\.stmcufinder\plugins\mcufinder/ => C:\Users\Mikhail_Kalinichenko\.stmcufinder\plugins\mcufinder
2020-10-14 14:29:17,492 [INFO] DbBoardsJson:56 - Set database path to: C:\Users\Mikhail_Kalinichenko\.stmcufinder\plugins\mcufinder//mcu/
2020-10-14 14:29:17,492 [WARN] DbFile:36 - Overriding database path with different value: C:\Users\Mikhail_Kalinichenko\.stmcufinder\plugins\mcufinder/ => C:\Users\Mikhail_Kalinichenko\.stmcufinder\plugins\mcufinder
2020-10-14 14:29:17,492 [WARN] DbFile:36 - Overriding database path with different value: C:\Users\Mikhail_Kalinichenko\.stmcufinder\plugins\mcufinder/ => C:\Users\Mikhail_Kalinichenko\.stmcufinder\plugins\mcufinder
2020-10-14 14:29:17,492 [INFO] CrossReferenceDbSqlite:196 - Set database path to: C:\Users\Mikhail_Kalinichenko\.stmcufinder\plugins\mcufinder//mcu/cs/
2020-10-14 14:29:17,493 [WARN] DbFile:36 - Overriding database path with different value: C:\Users\Mikhail_Kalinichenko\.stmcufinder\plugins\mcufinder/ => C:\Users\Mikhail_Kalinichenko\.stmcufinder\plugins\mcufinder
2020-10-14 14:29:17,493 [INFO] DbExamplesSqlite:800 - Set database path to: C:\Users\Mikhail_Kalinichenko\.stmcufinder\plugins\mcufinder//mcu/
2020-10-14 14:29:17,637 [INFO] MainPanel:189 - HeapMemory: 327155712
2020-10-14 14:29:17,705 [INFO] DbMcusXml:70 - Set database path to: C:\ST\STM32CubeIDE_1.4.0\STM32CubeIDE\plugins\com.st.stm32cube.common.mx_6.0.0.202007160824\\db\/mcu/
2020-10-14 14:29:17,705 [INFO] DbBoardsPdsc:56 - Set plugin database path to: C:\ST\STM32CubeIDE_1.4.0\STM32CubeIDE\plugins\com.st.stm32cube.common.mx_6.0.0.202007160824\\db\/plugins/boardmanager/
2020-10-14 14:29:17,705 [INFO] DbMcus:258 - Set plugin images path to: C:\ST\STM32CubeIDE_1.4.0\STM32CubeIDE\plugins\com.st.stm32cube.common.mx_6.0.0.202007160824\\db\/plugins/mcufinder/images/
2020-10-14 14:29:17,705 [INFO] DbBoards:264 - Set plugin images path to: C:\ST\STM32CubeIDE_1.4.0\STM32CubeIDE\plugins\com.st.stm32cube.common.mx_6.0.0.202007160824\\db\/plugins/mcufinder/images/
2020-10-14 14:29:17,705 [INFO] DbExamples:326 - Set plugin images path to: C:\ST\STM32CubeIDE_1.4.0\STM32CubeIDE\plugins\com.st.stm32cube.common.mx_6.0.0.202007160824\\db\/plugins/mcufinder/images/
2020-10-14 14:29:17,706 [WARN] DbFile:36 - Overriding database path with different value: C:\Users\Mikhail_Kalinichenko\.stmcufinder\plugins\mcufinder/ => C:\Users\Mikhail_Kalinichenko\.stmcufinder\plugins\mcufinder
2020-10-14 14:29:17,706 [INFO] DbMcusDocs:112 - Set database path to: C:\Users\Mikhail_Kalinichenko\.stmcufinder\plugins\mcufinder//mcu/
2020-10-14 14:29:17,706 [WARN] DbFile:36 - Overriding database path with different value: C:\Users\Mikhail_Kalinichenko\.stmcufinder\plugins\mcufinder/ => C:\Users\Mikhail_Kalinichenko\.stmcufinder\plugins\mcufinder
2020-10-14 14:29:17,707 [INFO] DbMcusJson:63 - Set database path to: C:\Users\Mikhail_Kalinichenko\.stmcufinder\plugins\mcufinder//mcu/
2020-10-14 14:29:17,707 [WARN] DbFile:36 - Overriding database path with different value: C:\Users\Mikhail_Kalinichenko\.stmcufinder\plugins\mcufinder/ => C:\Users\Mikhail_Kalinichenko\.stmcufinder\plugins\mcufinder
2020-10-14 14:29:17,707 [INFO] DbBoardsDocs:112 - Set database path to: C:\Users\Mikhail_Kalinichenko\.stmcufinder\plugins\mcufinder//mcu/
2020-10-14 14:29:17,707 [WARN] DbFile:36 - Overriding database path with different value: C:\Users\Mikhail_Kalinichenko\.stmcufinder\plugins\mcufinder/ => C:\Users\Mikhail_Kalinichenko\.stmcufinder\plugins\mcufinder
2020-10-14 14:29:17,707 [INFO] DbBoardsJson:56 - Set database path to: C:\Users\Mikhail_Kalinichenko\.stmcufinder\plugins\mcufinder//mcu/
2020-10-14 14:29:17,708 [WARN] DbFile:36 - Overriding database path with different value: C:\Users\Mikhail_Kalinichenko\.stmcufinder\plugins\mcufinder/ => C:\Users\Mikhail_Kalinichenko\.stmcufinder\plugins\mcufinder
2020-10-14 14:29:17,708 [WARN] DbFile:36 - Overriding database path with different value: C:\Users\Mikhail_Kalinichenko\.stmcufinder\plugins\mcufinder/ => C:\Users\Mikhail_Kalinichenko\.stmcufinder\plugins\mcufinder
2020-10-14 14:29:17,708 [INFO] CrossReferenceDbSqlite:196 - Set database path to: C:\Users\Mikhail_Kalinichenko\.stmcufinder\plugins\mcufinder//mcu/cs/
2020-10-14 14:29:17,708 [WARN] DbFile:36 - Overriding database path with different value: C:\Users\Mikhail_Kalinichenko\.stmcufinder\plugins\mcufinder/ => C:\Users\Mikhail_Kalinichenko\.stmcufinder\plugins\mcufinder
2020-10-14 14:29:17,709 [INFO] DbExamplesSqlite:800 - Set database path to: C:\Users\Mikhail_Kalinichenko\.stmcufinder\plugins\mcufinder//mcu/
2020-10-14 14:29:17,732 [INFO] ApplicationProperties:181 - Using Application install path: C:\ST\STM32CubeIDE_1.4.0\STM32CubeIDE\plugins\com.st.stm32cube.common.mx_6.0.0.202007160824
2020-10-14 14:29:17,733 [INFO] PluginManage:178 - Search for loadable plugins [exclusion list=, ]
2020-10-14 14:29:17,733 [INFO] PluginManage:292 - Check plugin analytics
2020-10-14 14:29:17,990 [INFO] AnalyticsPlugin:203 - Accepted Software Licenses: 
2020-10-14 14:29:17,990 [INFO] AnalyticsPlugin:205 - Accepted CMSIS Pack Licenses: 
2020-10-14 14:29:17,991 [INFO] AnalyticsPlugin:207 - Accepted Firmware Licenses: 
2020-10-14 14:29:17,991 [INFO] PluginManage:342 - Loaded plugin analytics (category:tool,tabindex:-1)
2020-10-14 14:29:17,992 [INFO] PluginManage:292 - Check plugin clock
2020-10-14 14:29:18,010 [INFO] PluginManage:342 - Loaded plugin clock (category:base,tabindex:2)
2020-10-14 14:29:18,014 [INFO] PluginManage:292 - Check plugin ddr
2020-10-14 14:29:18,016 [INFO] PluginManage:342 - Loaded plugin ddr (category:tool,tabindex:6)
2020-10-14 14:29:18,016 [INFO] PluginManage:292 - Check plugin filemanager
2020-10-14 14:29:18,165 [INFO] PluginManage:342 - Loaded plugin filemanager (category:base,tabindex:10)
2020-10-14 14:29:18,169 [INFO] PluginManage:292 - Check plugin ipmanager
2020-10-14 14:29:18,188 [INFO] PluginManage:342 - Loaded plugin ipmanager (category:base,tabindex:5)
2020-10-14 14:29:18,189 [INFO] PluginManage:292 - Check plugin pinoutandconfiguration
2020-10-14 14:29:18,198 [INFO] PluginManage:342 - Loaded plugin pinoutandconfiguration (category:base,tabindex:1)
2020-10-14 14:29:18,201 [INFO] PluginManage:292 - Check plugin pinoutconfig
2020-10-14 14:29:18,235 [INFO] PluginManage:342 - Loaded plugin pinoutconfig (category:base,tabindex:0)
2020-10-14 14:29:18,235 [INFO] PluginManage:292 - Check plugin power
2020-10-14 14:29:18,248 [INFO] PluginManage:342 - Loaded plugin power (category:power,tabindex:4)
2020-10-14 14:29:18,248 [INFO] PluginManage:292 - Check plugin projectmanager
2020-10-14 14:29:18,273 [INFO] PluginManage:342 - Loaded plugin projectmanager (category:projectmanager,tabindex:3)
2020-10-14 14:29:18,274 [INFO] PluginManage:292 - Check plugin thirdparty
2020-10-14 14:29:18,377 [INFO] ThirdPartyDb:333 - Open Third Party DataBase File (C:/Users/Mikhail_Kalinichenko/.stm32cubemx/plugins/thirdparty/db/thirdparties_db.xml) : 51 ms. number of Sw pack : 23
2020-10-14 14:29:18,382 [INFO] PluginManage:342 - Loaded plugin thirdparty (category:base,tabindex:-1)
2020-10-14 14:29:18,385 [INFO] PluginManage:292 - Check plugin tools
2020-10-14 14:29:18,388 [INFO] PluginManage:342 - Loaded plugin tools (category:base,tabindex:7)
2020-10-14 14:29:18,388 [INFO] PluginManage:292 - Check plugin tutovideos
2020-10-14 14:29:18,719 [INFO] PluginManage:342 - Loaded plugin tutovideos (category:base,tabindex:-1)
2020-10-14 14:29:18,721 [INFO] PluginManage:292 - Check plugin updater
2020-10-14 14:29:18,734 [INFO] PluginManage:342 - Loaded plugin updater (category:base,tabindex:12)
2020-10-14 14:29:18,734 [INFO] PluginManage:265 - PluginManage : Loaded plugins [13]
2020-10-14 14:29:19,038 [INFO] PinOutPanel:1418 - setPackage(No Configuration,No Configuration)
2020-10-14 14:29:19,262 [INFO] IPUIPlugin:64 - create IPUIPlugin
2020-10-14 14:29:19,262 [INFO] PluginManager:200 - loadIPPluginJar : add adc
2020-10-14 14:29:19,266 [INFO] IPUIPlugin:64 - create IPUIPlugin
2020-10-14 14:29:19,266 [INFO] PluginManager:200 - loadIPPluginJar : add aes
2020-10-14 14:29:19,269 [INFO] IPUIPlugin:64 - create IPUIPlugin
2020-10-14 14:29:19,269 [INFO] PluginManager:200 - loadIPPluginJar : add can
2020-10-14 14:29:19,272 [INFO] IPUIPlugin:64 - create IPUIPlugin
2020-10-14 14:29:19,272 [INFO] PluginManager:200 - loadIPPluginJar : add comp
2020-10-14 14:29:19,273 [INFO] IPUIPlugin:64 - create IPUIPlugin
2020-10-14 14:29:19,275 [INFO] PluginManager:200 - loadIPPluginJar : add cryp
2020-10-14 14:29:19,278 [INFO] IPUIPlugin:64 - create IPUIPlugin
2020-10-14 14:29:19,278 [INFO] PluginManager:200 - loadIPPluginJar : add dfsdm
2020-10-14 14:29:19,285 [INFO] IPUIPlugin:64 - create IPUIPlugin
2020-10-14 14:29:19,286 [INFO] PluginManager:200 - loadIPPluginJar : add dma
2020-10-14 14:29:19,288 [INFO] IPUIPlugin:64 - create IPUIPlugin
2020-10-14 14:29:19,288 [INFO] PluginManager:200 - loadIPPluginJar : add fatfs
2020-10-14 14:29:19,291 [INFO] IPUIPlugin:64 - create IPUIPlugin
2020-10-14 14:29:19,291 [INFO] PluginManager:200 - loadIPPluginJar : add fmc
2020-10-14 14:29:19,297 [INFO] IPUIPlugin:64 - create IPUIPlugin
2020-10-14 14:29:19,301 [INFO] PluginManager:200 - loadIPPluginJar : add freertos
2020-10-14 14:29:19,302 [INFO] IPUIPlugin:64 - create IPUIPlugin
2020-10-14 14:29:19,303 [INFO] PluginManager:200 - loadIPPluginJar : add genericplugin
2020-10-14 14:29:19,304 [INFO] IPUIPlugin:64 - create IPUIPlugin
2020-10-14 14:29:19,304 [INFO] PluginManager:200 - loadIPPluginJar : add gfxmmu
2020-10-14 14:29:19,311 [INFO] IPUIPlugin:64 - create IPUIPlugin
2020-10-14 14:29:19,311 [INFO] PluginManager:200 - loadIPPluginJar : add gic
2020-10-14 14:29:19,315 [INFO] IPUIPlugin:64 - create IPUIPlugin
2020-10-14 14:29:19,315 [INFO] PluginManager:200 - loadIPPluginJar : add gpio
2020-10-14 14:29:19,319 [INFO] IPUIPlugin:64 - create IPUIPlugin
2020-10-14 14:29:19,320 [INFO] PluginManager:200 - loadIPPluginJar : add gtzc
2020-10-14 14:29:19,322 [INFO] IPUIPlugin:64 - create IPUIPlugin
2020-10-14 14:29:19,322 [INFO] PluginManager:200 - loadIPPluginJar : add hash
2020-10-14 14:29:19,324 [INFO] IPUIPlugin:64 - create IPUIPlugin
2020-10-14 14:29:19,324 [INFO] PluginManager:200 - loadIPPluginJar : add i2c
2020-10-14 14:29:19,329 [INFO] IPUIPlugin:64 - create IPUIPlugin
2020-10-14 14:29:19,329 [INFO] PluginManager:200 - loadIPPluginJar : add i2s
2020-10-14 14:29:19,329 [INFO] IPUIPlugin:64 - create IPUIPlugin
2020-10-14 14:29:19,329 [INFO] PluginManager:200 - loadIPPluginJar : add ipddr
2020-10-14 14:29:19,334 [INFO] IPUIPlugin:64 - create IPUIPlugin
2020-10-14 14:29:19,334 [INFO] PluginManager:200 - loadIPPluginJar : add ltdc
2020-10-14 14:29:19,338 [INFO] IPUIPlugin:64 - create IPUIPlugin
2020-10-14 14:29:19,339 [INFO] PluginManager:200 - loadIPPluginJar : add mdma
2020-10-14 14:29:19,340 [INFO] IPUIPlugin:64 - create IPUIPlugin
2020-10-14 14:29:19,343 [INFO] PluginManager:200 - loadIPPluginJar : add nvic
2020-10-14 14:29:19,346 [INFO] IPUIPlugin:64 - create IPUIPlugin
2020-10-14 14:29:19,346 [INFO] PluginManager:200 - loadIPPluginJar : add opamp
2020-10-14 14:29:19,347 [INFO] IPUIPlugin:64 - create IPUIPlugin
2020-10-14 14:29:19,347 [INFO] PluginManager:200 - loadIPPluginJar : add openamp
2020-10-14 14:29:19,351 [INFO] IPUIPlugin:64 - create IPUIPlugin
2020-10-14 14:29:19,351 [INFO] PluginManager:200 - loadIPPluginJar : add pdm2pcm
2020-10-14 14:29:19,358 [INFO] IPUIPlugin:64 - create IPUIPlugin
2020-10-14 14:29:19,362 [INFO] PluginManager:200 - loadIPPluginJar : add plateformsettings
2020-10-14 14:29:19,364 [INFO] IPUIPlugin:64 - create IPUIPlugin
2020-10-14 14:29:19,365 [INFO] PluginManager:200 - loadIPPluginJar : add quadspi
2020-10-14 14:29:19,365 [INFO] IPUIPlugin:64 - create IPUIPlugin
2020-10-14 14:29:19,365 [INFO] PluginManager:200 - loadIPPluginJar : add resmgrutility
2020-10-14 14:29:19,371 [INFO] IPUIPlugin:64 - create IPUIPlugin
2020-10-14 14:29:19,371 [INFO] PluginManager:200 - loadIPPluginJar : add sai
2020-10-14 14:29:19,374 [INFO] IPUIPlugin:64 - create IPUIPlugin
2020-10-14 14:29:19,374 [INFO] PluginManager:200 - loadIPPluginJar : add spi
2020-10-14 14:29:19,379 [INFO] IPUIPlugin:64 - create IPUIPlugin
2020-10-14 14:29:19,379 [INFO] PluginManager:200 - loadIPPluginJar : add stm32_wpan
2020-10-14 14:29:19,379 [INFO] IPUIPlugin:64 - create IPUIPlugin
2020-10-14 14:29:19,379 [INFO] PluginManager:200 - loadIPPluginJar : add tim
2020-10-14 14:29:19,385 [INFO] IPUIPlugin:64 - create IPUIPlugin
2020-10-14 14:29:19,385 [INFO] PluginManager:200 - loadIPPluginJar : add touchsensing
2020-10-14 14:29:19,387 [INFO] IPUIPlugin:64 - create IPUIPlugin
2020-10-14 14:29:19,388 [INFO] PluginManager:200 - loadIPPluginJar : add tracer_emb
2020-10-14 14:29:19,389 [INFO] IPUIPlugin:64 - create IPUIPlugin
2020-10-14 14:29:19,389 [INFO] PluginManager:200 - loadIPPluginJar : add ts
2020-10-14 14:29:19,391 [INFO] IPUIPlugin:64 - create IPUIPlugin
2020-10-14 14:29:19,391 [INFO] PluginManager:200 - loadIPPluginJar : add tsc
2020-10-14 14:29:19,393 [INFO] IPUIPlugin:64 - create IPUIPlugin
2020-10-14 14:29:19,393 [INFO] PluginManager:200 - loadIPPluginJar : add ucpd
2020-10-14 14:29:19,397 [INFO] IPUIPlugin:64 - create IPUIPlugin
2020-10-14 14:29:19,397 [INFO] PluginManager:200 - loadIPPluginJar : add usart
2020-10-14 14:29:20,082 [INFO] CubeProgrammer:457 - [DDR PANEL] - PathOfProgrammer: null
2020-10-14 14:29:21,109 [FATAL] Updater:282 - Updater called before beeing initialized
2020-10-14 14:29:21,431 [FATAL] Updater:282 - Updater called before beeing initialized
2020-10-14 14:29:21,431 [WARN] ThirdParty:775 - waiting for thirdparty lock release [close project]
2020-10-14 14:29:21,431 [INFO] ThirdParty:777 - entering critical section [close project]
2020-10-14 14:29:21,435 [INFO] ThirdParty:790 - exiting critical section [close project]
2020-10-14 14:29:21,440 [INFO] PinOutPanel:1418 - setPackage(No Configuration,No Configuration)
2020-10-14 14:29:21,444 [FATAL] Updater:282 - Updater called before beeing initialized
2020-10-14 14:29:21,470 [ERROR] Updater:967 - MainUpdater not yet initialized. External WinMGr cannot be set.
2020-10-14 14:29:21,474 [INFO] CubeProgrammer:457 - [DDR PANEL] - PathOfProgrammer: C:\ST\STM32CubeIDE_1.4.0\STM32CubeIDE\plugins\com.st.stm32cube.ide.mcu.externaltools.cubeprogrammer.win32_1.4.0.202007081208\tools\bin
2020-10-14 14:29:21,482 [INFO] ProgrammerExecThread:148 - [ProgrammerAPI] CubeProgrammer command construction: C:\ST\STM32CubeIDE_1.4.0\STM32CubeIDE\plugins\com.st.stm32cube.ide.mcu.externaltools.cubeprogrammer.win32_1.4.0.202007081208\tools\bin\STM32_Programmer_CLI.exe -l
2020-10-14 14:29:21,796 [INFO] MainDdrPanel:49 - [DDR PANEL] SETTER - Set cubeProgrammerPath to: C:\ST\STM32CubeIDE_1.4.0\STM32CubeIDE\plugins\com.st.stm32cube.ide.mcu.externaltools.cubeprogrammer.win32_1.4.0.202007081208\tools\bin
2020-10-14 14:29:21,980 [INFO] Updater:904 - Updater Version found : 6.0.0
2020-10-14 14:29:22,032 [INFO] ApplicationProperties:181 - Using Application install path: C:\ST\STM32CubeIDE_1.4.0\STM32CubeIDE\plugins\com.st.stm32cube.common.mx_6.0.0.202007160824
2020-10-14 14:29:22,584 [INFO] MainUpdater:2268 - connection check result : 10
2020-10-14 14:29:22,584 [INFO] MainUpdater:239 - Updater Check For Update Now.
2020-10-14 14:29:22,584 [INFO] MicroXplorer:414 - Change Database Version : DB.6.0.0
2020-10-14 14:29:22,745 [INFO] CheckServerUpdateThread:102 - End of CheckServer Thread
2020-10-14 14:29:22,836 [INFO] MainUpdater:2268 - connection check result : 10
2020-10-14 14:29:23,292 [INFO] McuFinderGlobals:40 - Set McuFinder mode to 2 (CubeIDE integrated)
2020-10-14 14:29:23,610 [INFO] CrossSelectorPresenter:1330 - Cross Selector saved comparison directory: C:\Users\Mikhail_Kalinichenko\.stmcufinder\plugins\mcufinder\mcu\cs_comparisons_mx
2020-10-14 14:29:23,624 [INFO] MultiScanPanel:193 - Auto-refresh data requested => check proxy status ongoing
2020-10-14 14:29:23,628 [INFO] FinderPluginLoader:87 - Searching for filters in installed packs
2020-10-14 14:29:23,633 [INFO] DbMcusXml:100 - Load MCU database from C:\ST\STM32CubeIDE_1.4.0\STM32CubeIDE\plugins\com.st.stm32cube.common.mx_6.0.0.202007160824\\db\/mcu/families.xml
2020-10-14 14:29:24,410 [WARN] IntegrityCheckThread:61 - waiting for thirdparty lock release [integrity check]
2020-10-14 14:29:24,410 [INFO] IntegrityCheckThread:63 - entering critical section [integrity check]
2020-10-14 14:29:24,553 [INFO] ThirdPartyDb:299 - Save Third Party DataBase File (C:/Users/Mikhail_Kalinichenko/.stm32cubemx/plugins/thirdparty/db/thirdparties_db.xml) [forced]
2020-10-14 14:29:24,614 [INFO] ThirdPartyDb:299 - Save Third Party DataBase File (C:/Users/Mikhail_Kalinichenko/.stm32cubemx/plugins/thirdparty/db/thirdparties_db.xml) [forced]
2020-10-14 14:29:24,715 [INFO] IntegrityCheckThread:76 - exiting critical section [integrity check]
2020-10-14 14:29:24,716 [INFO] IntegrityCheckThread:79 - End integrity checks thread
2020-10-14 14:29:24,846 [INFO] DbMcusJson:92 - JSON generation date=Mon Sep 28 23:14:50 NOVT 2020 (1601309690)
2020-10-14 14:29:25,679 [INFO] DbMcus:175 - Found 1761 MCUs (1722 are supported by CubeMX, 1735 are visible in CubeMX)
2020-10-14 14:29:25,679 [INFO] ApiDb:201 - Load user favorites file C:\Users\Mikhail_Kalinichenko/.stm32cubeide/favorites.mcus.txt: 0 item(s)
2020-10-14 14:29:25,679 [INFO] ApiDb:205 - User favorites MCUs=[]
2020-10-14 14:29:25,679 [INFO] DbMcus:187 - Set 0 / 0 favorites MCUs
2020-10-14 14:29:26,453 [INFO] LoadUrlFilesThread:162 - End of LoadServerUrlFiles without Thread
2020-10-14 14:29:26,660 [INFO] DetailPanel:331 - Set advertising image to C:/Users/Mikhail_Kalinichenko/STM32Cube/Repository/\stm32cubemx-promo_image.jpg
2020-10-14 14:29:27,176 [INFO] McuFilterPanel:245 - Update 0 favorites MCUs
2020-10-14 14:29:27,393 [INFO] DbBoardsPdsc:94 - Found 23 items
2020-10-14 14:29:27,397 [INFO] DbBoardsPdsc:94 - Found 9 items
2020-10-14 14:29:27,400 [INFO] DbBoardsPdsc:94 - Found 29 items
2020-10-14 14:29:27,409 [INFO] DbBoardsPdsc:94 - Found 1 items
2020-10-14 14:29:27,417 [INFO] DbBoardsPdsc:94 - Found 44 items
2020-10-14 14:29:27,427 [INFO] DbBoardsPdsc:94 - Found 40 items
2020-10-14 14:29:27,431 [INFO] DbBoardsPdsc:94 - Found 2 items
2020-10-14 14:29:27,435 [INFO] DbBoardsPdsc:94 - Found 4 items
2020-10-14 14:29:27,446 [WARN] DbBoardsPdsc:258 - Board STM32H7B3I-DK: unknown feature type=Audio, name=, username=Audio stereo codec with Headphone Amp (CS42L51-CNZ), n=1
2020-10-14 14:29:27,446 [WARN] DbBoardsPdsc:258 - Board STM32H735G-DK: unknown feature type=Audio, name=, username=Audio stereo codec with Headphone Amp (WM8994ECS/R), n=1
2020-10-14 14:29:27,450 [WARN] DbBoardsPdsc:258 - Board STM32H7B3I-EVAL: unknown feature type=Audio, name=, username=Multi-Channel Audio Codec (CS42L51-CNZ), n=1
2020-10-14 14:29:27,450 [WARN] DbBoardsPdsc:258 - Board STM32H7B3I-EVAL: unknown feature type=Meter, name=, username=Power-metering and Temperature-monitoring with sigma-delta modulators, n=1
2020-10-14 14:29:27,450 [WARN] DbBoardsPdsc:258 - Board STM32H7B3I-EVAL: unknown feature type=Motor, name=, username=Motor Control, n=1
2020-10-14 14:29:27,488 [INFO] DbBoardsJson:85 - JSON generation date=Mon Sep 28 20:22:09 NOVT 2020 (1601299329)
2020-10-14 14:29:27,496 [INFO] DbBoards:117 - Found 153 boards (149 are supported by CubeMX)
2020-10-14 14:29:27,540 [INFO] DbBoardsDocs:145 - JSON generation date=Mon Sep 28 23:14:50 NOVT 2020 (1601309690)
2020-10-14 14:29:27,573 [INFO] DbBoardsDocs:81 - Found 189 boards documents
2020-10-14 14:29:27,573 [WARN] DbBoards:127 - board B-L462E-CELL1 has no document id list !
2020-10-14 14:29:27,573 [WARN] DbBoards:127 - board B-L475E-IOT01A2 has no document id list !
2020-10-14 14:29:27,578 [WARN] DbBoards:127 - board NUCLEO-G491RE has no document id list !
2020-10-14 14:29:27,578 [WARN] DbBoards:127 - board NUCLEO-H743ZI2 has no document id list !
2020-10-14 14:29:27,579 [WARN] DbBoards:127 - board NUCLEO-WB35CE has no document id list !
2020-10-14 14:29:27,580 [WARN] DbBoards:127 - board NUCLEO-WB55RG has no document id list !
2020-10-14 14:29:27,580 [WARN] DbBoards:127 - board P-NUCLEO-WB55-Nucleo has no document id list !
2020-10-14 14:29:27,581 [WARN] DbBoards:127 - board P-NUCLEO-WB55-USBDongle has no document id list !
2020-10-14 14:29:27,581 [WARN] DbBoards:127 - board STEVAL-BFA001V1B has no document id list !
2020-10-14 14:29:27,581 [WARN] DbBoards:127 - board STEVAL-BFA001V2B has no document id list !
2020-10-14 14:29:27,581 [WARN] DbBoards:127 - board STEVAL-IDP005V1 has no document id list !
2020-10-14 14:29:27,581 [WARN] DbBoards:127 - board STEVAL-IDP005V2 has no document id list !
2020-10-14 14:29:27,581 [WARN] DbBoards:127 - board STEVAL-MKSBOX1V1 has no document id list !
2020-10-14 14:29:27,581 [WARN] DbBoards:127 - board STEVAL-STWINKT1 has no document id list !
2020-10-14 14:29:27,581 [WARN] DbBoards:127 - board STM32F401C-DISCO has no document id list !
2020-10-14 14:29:27,581 [WARN] DbBoards:127 - board STM32F769I-DISC1 has no document id list !
2020-10-14 14:29:27,581 [WARN] DbBoards:127 - board STM32G474E-EVAL1 has no document id list !
2020-10-14 14:29:27,585 [WARN] DbBoards:149 - board STM32H735G-DK / document id not found: 4653
2020-10-14 14:29:27,585 [WARN] DbBoards:127 - board STM32H743I-EVAL2 has no document id list !
2020-10-14 14:29:27,585 [WARN] DbBoards:127 - board STM32H747I-DISC1 has no document id list !
2020-10-14 14:29:27,585 [WARN] DbBoards:127 - board STM32H753I-EVAL2 has no document id list !
2020-10-14 14:29:27,585 [WARN] DbBoards:127 - board STM32L-DISCOVERY has no document id list !
2020-10-14 14:29:27,585 [WARN] DbBoards:127 - board STM32MP157A-DK1 has no document id list !
2020-10-14 14:29:27,585 [WARN] DbBoards:127 - board STM32MP157F-EV1 has no document id list !
2020-10-14 14:29:27,728 [ERROR] DbBoards:192 - No image file URL for board B-L462E-CELL1
2020-10-14 14:29:28,500 [ERROR] DbBoards:192 - No image file URL for board NUCLEO-WB35CE
2020-10-14 14:29:30,103 [INFO] ApiDb:192 - User favorites file not found: C:\Users\Mikhail_Kalinichenko/.stm32cubeide/favorites.boards.txt
2020-10-14 14:29:30,103 [INFO] DbBoards:206 - Set 0 / 0 favorites Boards
2020-10-14 14:30:11,111 [INFO] DbMcusDocs:145 - JSON generation date=Mon Sep 28 23:14:50 NOVT 2020 (1601309690)
2020-10-14 14:30:11,364 [INFO] DbMcusDocs:81 - Found 597 MCUs documents
2020-10-14 14:35:51,343 [INFO] LogOutputStream:76 - [STDOUT_REDIRECT] withoutVersionV1.8.2
2020-10-14 14:35:51,344 [INFO] LogOutputStream:76 - [STDOUT_REDIRECT] withoutVersionV1.8.1
2020-10-14 14:35:51,345 [INFO] LogOutputStream:76 - [STDOUT_REDIRECT] withoutVersionV1.8.0
2020-10-14 14:35:57,762 [INFO] MainUpdater:2268 - connection check result : 10
2020-10-14 14:35:57,762 [INFO] MainUpdater:2268 - connection check result : 10
2020-10-14 14:35:57,924 [INFO] MicroXplorer:384 - Change Database Path : 
2020-10-14 14:35:57,924 [INFO] MicroXplorer:414 - Change Database Version : DB.6.0.0
2020-10-14 14:35:57,924 [WARN] ThirdParty:775 - waiting for thirdparty lock release [close project]
2020-10-14 14:35:57,924 [INFO] ThirdParty:777 - entering critical section [close project]
2020-10-14 14:35:57,924 [INFO] ThirdParty:790 - exiting critical section [close project]
2020-10-14 14:35:57,933 [INFO] PinOutPanel:1418 - setPackage(No Configuration,No Configuration)
2020-10-14 14:35:57,934 [INFO] UtilMem:74 - Begin LoadConfig() Used Memory: 393314272 Bytes (759169024)
2020-10-14 14:35:57,935 [INFO] MicroXplorer:384 - Change Database Path : 
2020-10-14 14:35:57,936 [INFO] MicroXplorer:414 - Change Database Version : DB.6.0.0
2020-10-14 14:35:57,936 [INFO] OpenFileManager:274 - Change cursor
2020-10-14 14:36:00,551 [INFO] ImportTextPane:162 - (OptionalMessage_ERROR) Unable to find key (Mcu.ThirdPartyNb) in loaded IOC file
2020-10-14 14:36:00,551 [INFO] ImportTextPane:162 - (OptionalMessage_ERROR) Unable to find key (Mcu.PinsNb) in loaded IOC file
2020-10-14 14:36:00,551 [INFO] ImportTextPane:162 - (OptionalMessage_ERROR) Unable to find key (Mcu.IPNb) in loaded IOC file
2020-10-14 14:36:00,728 [WARN] ApiManager:274 - Cannot register API 'Board Extension:IKS01A3' from pack STMicroelectronics.X-CUBE-MEMS1.8.1.1: no header file found
2020-10-14 14:36:00,728 [WARN] ApiManager:274 - Cannot register API 'Board Extension:IKS01A2' from pack STMicroelectronics.X-CUBE-MEMS1.8.1.1: no header file found
2020-10-14 14:36:00,728 [WARN] ApiManager:274 - Cannot register API 'Board Extension:IKS02A1' from pack STMicroelectronics.X-CUBE-MEMS1.8.1.1: no header file found
2020-10-14 14:36:00,728 [INFO] DependencyParser:915 - This component is not compatible with the current MCU : [1602484938504]
2020-10-14 14:36:00,728 [INFO] ThirdPartyModel:556 - Component with status : MCU_INCOMPATIBLE for condition : GFX01M1_Condition id : 1602484938489
2020-10-14 14:36:00,733 [INFO] DependencyParser:915 - This component is not compatible with the current MCU : [1602484938504]
2020-10-14 14:36:00,733 [INFO] ThirdPartyModel:556 - Component with status : MCU_INCOMPATIBLE for condition : GFX01M1_HelloWorld_Condition id : 1602484938491
2020-10-14 14:36:00,742 [INFO] RtosManager:456 - Registered RTOS mode: class=CMSIS, group=RTOS, mode=CMSIS_V1, owner=FREERTOS
2020-10-14 14:36:00,743 [INFO] RtosManager:456 - Registered RTOS mode: class=CMSIS, group=RTOS2, mode=CMSIS_V2, owner=FREERTOS
2020-10-14 14:36:00,744 [INFO] RtosManager:456 - Registered RTOS mode: class=RTOS, group=Core, mode=CMSIS_V1, owner=FREERTOS
2020-10-14 14:36:00,744 [INFO] RtosManager:456 - Registered RTOS mode: class=RTOS, group=Core, mode=CMSIS_V2, owner=FREERTOS
2020-10-14 14:36:00,744 [WARN] ModelIntegratedComponent:188 - Missing modes for component 1602574019385
2020-10-14 14:36:00,748 [WARN] ApiManager:274 - Cannot register API 'Board Extension:GNSS1A1' from pack STMicroelectronics.X-CUBE-GNSS1.5.0.0: no header file found
2020-10-14 14:36:00,748 [WARN] ApiManager:274 - Cannot register API 'Board Support:Custom' from pack STMicroelectronics.X-CUBE-GNSS1.5.0.0: no header file found
2020-10-14 14:36:00,748 [WARN] ApiManager:274 - Cannot register API 'Data Exchange:lib_gnss' from pack STMicroelectronics.X-CUBE-GNSS1.5.0.0: no header file found
2020-10-14 14:36:00,748 [WARN] ApiManager:274 - Cannot register API 'Board Extension:S2868A1' from pack STMicroelectronics.X-CUBE-SUBG2.2.0.0: no header file found
2020-10-14 14:36:00,748 [WARN] ApiManager:274 - Cannot register API 'Board Extension:S2868A2' from pack STMicroelectronics.X-CUBE-SUBG2.2.0.0: no header file found
2020-10-14 14:36:00,752 [WARN] ApiManager:274 - Cannot register API 'Board Extension:S2915A1' from pack STMicroelectronics.X-CUBE-SUBG2.2.0.0: no header file found
2020-10-14 14:36:00,753 [WARN] ApiManager:274 - Cannot register API 'Wireless:BlueNRG-MS' from pack STMicroelectronics.X-CUBE-BLE1.6.0.0: no header file found
2020-10-14 14:36:00,756 [WARN] ApiManager:274 - Cannot register API 'Wireless:BlueNRG-2' from pack STMicroelectronics.X-CUBE-BLE2.3.0.0: no header file found
2020-10-14 14:36:01,087 [INFO] UtilMem:74 - End LoadConfig() Used Memory: 349648328 Bytes (759169024)
2020-10-14 14:36:01,087 [WARN] ThirdParty:741 - waiting for thirdparty lock release [change project]
2020-10-14 14:36:01,087 [INFO] ThirdParty:743 - entering critical section [change project]
2020-10-14 14:36:01,091 [INFO] ThirdParty:968 - CMSIS Pack Vendor :STMicroelectronics X-CUBE-MEMS1 8.1.1
2020-10-14 14:36:01,091 [INFO] ThirdParty:968 - CMSIS Pack Vendor :STMicroelectronics USB_HOST 2.0.0
2020-10-14 14:36:01,091 [INFO] ThirdParty:968 - CMSIS Pack Vendor :STMicroelectronics X-CUBE-DISPLAY 1.0.0
2020-10-14 14:36:01,091 [INFO] ThirdParty:968 - CMSIS Pack Vendor :STMicroelectronics FreeRTOS 0.0.1
2020-10-14 14:36:01,091 [INFO] ThirdParty:968 - CMSIS Pack Vendor :STMicroelectronics USB_DEVICE 1.0.0
2020-10-14 14:36:01,091 [INFO] ThirdParty:968 - CMSIS Pack Vendor :STMicroelectronics X-CUBE-ALGOBUILD 1.1.0
2020-10-14 14:36:01,091 [INFO] ThirdParty:968 - CMSIS Pack Vendor :STMicroelectronics USB_DEVICE 3.0.0
2020-10-14 14:36:01,091 [INFO] ThirdParty:968 - CMSIS Pack Vendor :STMicroelectronics X-CUBE-GNSS1 5.0.0
2020-10-14 14:36:01,092 [INFO] ThirdParty:968 - CMSIS Pack Vendor :STMicroelectronics X-CUBE-SUBG2 2.0.0
2020-10-14 14:36:01,092 [INFO] ThirdParty:968 - CMSIS Pack Vendor :STMicroelectronics MBEDTLS 2.16.2
2020-10-14 14:36:01,092 [INFO] ThirdParty:968 - CMSIS Pack Vendor :STMicroelectronics X-CUBE-BLE1 6.0.0
2020-10-14 14:36:01,092 [INFO] ThirdParty:968 - CMSIS Pack Vendor :STMicroelectronics lwIP 2.0.3
2020-10-14 14:36:01,092 [INFO] ThirdParty:968 - CMSIS Pack Vendor :STMicroelectronics lwIP 2.1.2
2020-10-14 14:36:01,092 [INFO] ThirdParty:968 - CMSIS Pack Vendor :STMicroelectronics MBEDTLS 2.14.1
2020-10-14 14:36:01,092 [INFO] ThirdParty:968 - CMSIS Pack Vendor :STMicroelectronics X-CUBE-TOUCHGFX 4.15.0
2020-10-14 14:36:01,092 [INFO] ThirdParty:968 - CMSIS Pack Vendor :STMicroelectronics USB_HOST 1.0.0
2020-10-14 14:36:01,092 [INFO] ThirdParty:968 - CMSIS Pack Vendor :STMicroelectronics X-CUBE-AI 5.2.0
2020-10-14 14:36:01,092 [INFO] ThirdParty:968 - CMSIS Pack Vendor :STMicroelectronics X-CUBE-BLE2 3.0.0
2020-10-14 14:36:01,093 [INFO] ThirdParty:968 - CMSIS Pack Vendor :STMicroelectronics X-CUBE-NFC4 2.0.0
2020-10-14 14:36:01,093 [INFO] ThirdParty:968 - CMSIS Pack Vendor :STMicroelectronics PDM2PCM 3.1.0
2020-10-14 14:36:01,093 [INFO] ThirdParty:968 - CMSIS Pack Vendor :STMicroelectronics PDM2PCM 3.2.0
2020-10-14 14:36:01,093 [INFO] ThirdParty:968 - CMSIS Pack Vendor :STMicroelectronics USB_DEVICE 2.0.0
2020-10-14 14:36:01,093 [INFO] ThirdParty:968 - CMSIS Pack Vendor :STMicroelectronics PDM2PCM 3.3.0
2020-10-14 14:36:01,093 [INFO] ThirdParty:749 - exiting critical section [change project]
2020-10-14 14:36:01,486 [INFO] PinOutPanel:1418 - setPackage(No Configuration,No Configuration)
2020-10-14 14:36:01,487 [INFO] PinOutPanel:1418 - setPackage(STM32F103C8Tx,LQFP48)
2020-10-14 14:36:02,362 [INFO] UtilMem:74 - Before build in PCC Used Memory: 388088112 Bytes (759169024)
2020-10-14 14:36:03,787 [INFO] SharedServices:71 - Folder for power plug-in: C:/Users/Mikhail_Kalinichenko/.stm32cubemx/plugins/power
2020-10-14 14:36:03,930 [INFO] SharedServices:71 - Folder for power plug-in: C:/Users/Mikhail_Kalinichenko/.stm32cubemx/plugins/power
2020-10-14 14:36:03,990 [INFO] SharedServices:71 - Folder for power plug-in: C:/Users/Mikhail_Kalinichenko/.stm32cubemx/plugins/power
2020-10-14 14:36:03,994 [INFO] SharedServices:71 - Folder for power plug-in: C:/Users/Mikhail_Kalinichenko/.stm32cubemx/plugins/power
2020-10-14 14:36:04,272 [INFO] UtilMem:74 - After build in PCC Used Memory: 441043256 Bytes (759169024)
2020-10-14 14:36:04,294 [INFO] IPUIPlugin:64 - create IPUIPlugin
2020-10-14 14:36:04,294 [INFO] IPUIPlugin:64 - create IPUIPlugin
2020-10-14 14:36:04,294 [INFO] IPUIPlugin:64 - create IPUIPlugin
2020-10-14 14:36:04,294 [INFO] IPUIPlugin:64 - create IPUIPlugin
2020-10-14 14:36:04,294 [INFO] IPUIPlugin:64 - create IPUIPlugin
2020-10-14 14:36:04,294 [INFO] IPUIPlugin:64 - create IPUIPlugin
2020-10-14 14:36:04,294 [INFO] IPUIPlugin:64 - create IPUIPlugin
2020-10-14 14:36:04,294 [INFO] IPUIPlugin:64 - create IPUIPlugin
2020-10-14 14:36:04,294 [INFO] IPUIPlugin:64 - create IPUIPlugin
2020-10-14 14:36:04,294 [INFO] IPUIPlugin:64 - create IPUIPlugin
2020-10-14 14:36:04,294 [INFO] IPUIPlugin:64 - create IPUIPlugin
2020-10-14 14:36:04,298 [INFO] IPUIPlugin:64 - create IPUIPlugin
2020-10-14 14:36:04,298 [INFO] IPUIPlugin:64 - create IPUIPlugin
2020-10-14 14:36:04,298 [INFO] IPUIPlugin:64 - create IPUIPlugin
2020-10-14 14:36:04,298 [INFO] IPUIPlugin:64 - create IPUIPlugin
2020-10-14 14:36:04,299 [INFO] IPUIPlugin:64 - create IPUIPlugin
2020-10-14 14:36:04,299 [INFO] IPUIPlugin:64 - create IPUIPlugin
2020-10-14 14:36:04,299 [INFO] IPUIPlugin:64 - create IPUIPlugin
2020-10-14 14:36:04,300 [INFO] IPUIPlugin:64 - create IPUIPlugin
2020-10-14 14:36:04,300 [INFO] IPUIPlugin:64 - create IPUIPlugin
2020-10-14 14:36:04,300 [INFO] IPUIPlugin:64 - create IPUIPlugin
2020-10-14 14:36:04,300 [INFO] IPUIPlugin:64 - create IPUIPlugin
2020-10-14 14:36:04,300 [INFO] IPUIPlugin:64 - create IPUIPlugin
2020-10-14 14:36:04,300 [INFO] IPUIPlugin:64 - create IPUIPlugin
2020-10-14 14:36:04,300 [INFO] IPUIPlugin:64 - create IPUIPlugin
2020-10-14 14:36:04,300 [INFO] IPUIPlugin:64 - create IPUIPlugin
2020-10-14 14:36:04,300 [INFO] IPUIPlugin:64 - create IPUIPlugin
2020-10-14 14:36:04,465 [INFO] LogOutputStream:76 - [STDOUT_REDIRECT] toolchainItems.length=====1
2020-10-14 14:36:04,797 [INFO] OpenFileManager:294 - Restore cursor
2020-10-14 14:36:05,343 [INFO] UtilMem:74 - End SaveConfig() Used Memory: 491015720 Bytes (759169024)
2020-10-14 14:36:05,442 [INFO] UtilMem:74 - End SaveConfig() Used Memory: 495736352 Bytes (759169024)
2020-10-14 14:36:05,982 [INFO] BlockDiagram:2729 - set Specific Code input for plugin: NVIC
2020-10-14 14:36:05,983 [INFO] BlockDiagram:2729 - set Specific Code input for plugin: SYS
2020-10-14 14:36:05,984 [INFO] BlockDiagram:2729 - set Specific Code input for plugin: RCC
2020-10-14 14:36:05,990 [INFO] CodeGenerator:622 - code generatio: config db path: C:\ST\STM32CubeIDE_1.4.0\STM32CubeIDE\plugins\com.st.stm32cube.common.mx_6.0.0.202007160824\\db\
2020-10-14 14:36:06,473 [INFO] CodeEngine:188 - oldGeneratedFile, D:\cytometr_firrmware-alpha\alpha_firmware\MXTmpFiles\license.tmp_save
2020-10-14 14:36:07,184 [INFO] CodeEngine:206 - Generated code: D:\cytometr_firrmware-alpha\alpha_firmware\MXTmpFiles\license.tmp
2020-10-14 14:36:07,474 [INFO] CodeEngine:188 - oldGeneratedFile, D:\cytometr_firrmware-alpha\alpha_firmware\Core\Src\stm32f1xx_it.c_save
2020-10-14 14:36:07,701 [INFO] CodeEngine:206 - Generated code: D:\cytometr_firrmware-alpha\alpha_firmware\Core\Src\stm32f1xx_it.c
2020-10-14 14:36:07,764 [INFO] CodeEngine:188 - oldGeneratedFile, D:\cytometr_firrmware-alpha\alpha_firmware\Core\Inc\stm32f1xx_it.h_save
2020-10-14 14:36:08,092 [INFO] CodeEngine:206 - Generated code: D:\cytometr_firrmware-alpha\alpha_firmware\Core\Inc\stm32f1xx_it.h
2020-10-14 14:36:08,250 [INFO] CodeEngine:188 - oldGeneratedFile, D:\cytometr_firrmware-alpha\alpha_firmware\Core\Src\stm32f1xx_hal_msp.c_save
2020-10-14 14:36:08,438 [INFO] CodeEngine:206 - Generated code: D:\cytometr_firrmware-alpha\alpha_firmware\Core\Src\stm32f1xx_hal_msp.c
2020-10-14 14:36:08,504 [INFO] CodeEngine:188 - oldGeneratedFile, D:\cytometr_firrmware-alpha\alpha_firmware\MXTmpFiles\system.tmp_save
2020-10-14 14:36:08,589 [INFO] CodeEngine:206 - Generated code: D:\cytometr_firrmware-alpha\alpha_firmware\MXTmpFiles\system.tmp
2020-10-14 14:36:08,704 [INFO] CodeEngine:188 - oldGeneratedFile, D:\cytometr_firrmware-alpha\alpha_firmware\Core\Inc\stm32f1xx_hal_conf.h_save
2020-10-14 14:36:08,824 [INFO] CodeEngine:206 - Generated code: D:\cytometr_firrmware-alpha\alpha_firmware\Core\Inc\stm32f1xx_hal_conf.h
2020-10-14 14:36:08,955 [INFO] CodeEngine:188 - oldGeneratedFile, D:\cytometr_firrmware-alpha\alpha_firmware\Core\Inc\main.h_save
2020-10-14 14:36:09,058 [INFO] CodeEngine:206 - Generated code: D:\cytometr_firrmware-alpha\alpha_firmware\Core\Inc\main.h
2020-10-14 14:36:09,098 [INFO] CodeEngine:188 - oldGeneratedFile, D:\cytometr_firrmware-alpha\alpha_firmware\Core\Src\main.c_save
2020-10-14 14:36:09,258 [INFO] CodeEngine:206 - Generated code: D:\cytometr_firrmware-alpha\alpha_firmware\Core\Src\main.c
2020-10-14 14:36:12,106 [INFO] ProjectBuilder:2168 - Time for Copy HAL[1] : 1945mS.
2020-10-14 14:36:12,122 [INFO] ProjectBuilder:2988 - Project Generator version: 3.10.0-B14
2020-10-14 14:36:12,826 [INFO] ConfigFileManager:1183 - The Die is : DIE410
2020-10-14 14:36:13,000 [INFO] ApiDbMcu:456 - Load IP Config File for FATFS
2020-10-14 14:36:13,148 [INFO] ApiDbMcu:456 - Load IP Config File for FREERTOS
2020-10-14 14:36:13,293 [INFO] ApiDbMcu:456 - Load IP Config File for USB_DEVICE
2020-10-14 14:36:30,728 [ERROR] root:96 - SUCCESS
2020-10-14 14:36:30,900 [INFO] ProjectBuilder:3155 - Time for Generating toolchain IDE Files: 18778mS.
2020-10-14 14:36:30,901 [INFO] ProjectBuilder:2044 - Time for Copy CMSIS : 0mS.
2020-10-14 14:36:30,902 [INFO] ProjectBuilder:2044 - Time for Copy CMSIS : 0mS.
2020-10-14 14:36:32,420 [INFO] ApiDb:226 - Save user favorites file C:\Users\Mikhail_Kalinichenko/.stm32cubeide/favorites.mcus.txt: 0 item(s)
2020-10-14 14:36:32,421 [INFO] ApiDb:230 - User favorites MCUs=[]
2020-10-14 14:38:28,429 [INFO] UtilMem:74 - End SaveConfig() Used Memory: 396521128 Bytes (822083584)
2020-10-14 14:38:29,663 [INFO] UtilMem:74 - End SaveConfig() Used Memory: 404522096 Bytes (822083584)
2020-10-14 14:38:34,606 [INFO] UtilMem:74 - End SaveConfig() Used Memory: 556534808 Bytes (822083584)
2020-10-14 14:38:34,898 [INFO] BlockDiagram:2729 - set Specific Code input for plugin: NVIC
2020-10-14 14:38:34,899 [INFO] BlockDiagram:2729 - set Specific Code input for plugin: SYS
2020-10-14 14:38:34,899 [INFO] BlockDiagram:2729 - set Specific Code input for plugin: GPIO
2020-10-14 14:38:34,899 [INFO] BlockDiagram:2729 - set Specific Code input for plugin: RCC
2020-10-14 14:38:34,900 [INFO] CodeGenerator:622 - code generatio: config db path: C:\ST\STM32CubeIDE_1.4.0\STM32CubeIDE\plugins\com.st.stm32cube.common.mx_6.0.0.202007160824\\db\
2020-10-14 14:38:35,236 [INFO] CodeEngine:188 - oldGeneratedFile, D:\cytometr_firrmware-alpha\alpha_firmware\MXTmpFiles\license.tmp_save
2020-10-14 14:38:35,362 [INFO] CodeEngine:206 - Generated code: D:\cytometr_firrmware-alpha\alpha_firmware\MXTmpFiles\license.tmp
2020-10-14 14:38:35,508 [INFO] CodeEngine:188 - oldGeneratedFile, D:\cytometr_firrmware-alpha\alpha_firmware\MXTmpFiles\gpio.tmp_save
2020-10-14 14:38:35,581 [INFO] CodeEngine:206 - Generated code: D:\cytometr_firrmware-alpha\alpha_firmware\MXTmpFiles\gpio.tmp
2020-10-14 14:38:35,625 [INFO] CodeEngine:188 - oldGeneratedFile, D:\cytometr_firrmware-alpha\alpha_firmware\Core\Src\stm32f1xx_it.c_save
2020-10-14 14:38:35,772 [INFO] CodeEngine:206 - Generated code: D:\cytometr_firrmware-alpha\alpha_firmware\Core\Src\stm32f1xx_it.c
2020-10-14 14:38:35,796 [INFO] CodeEngine:188 - oldGeneratedFile, D:\cytometr_firrmware-alpha\alpha_firmware\Core\Inc\stm32f1xx_it.h_save
2020-10-14 14:38:35,877 [INFO] CodeEngine:206 - Generated code: D:\cytometr_firrmware-alpha\alpha_firmware\Core\Inc\stm32f1xx_it.h
2020-10-14 14:38:35,932 [INFO] CodeEngine:188 - oldGeneratedFile, D:\cytometr_firrmware-alpha\alpha_firmware\Core\Src\stm32f1xx_hal_msp.c_save
2020-10-14 14:38:36,175 [INFO] CodeEngine:206 - Generated code: D:\cytometr_firrmware-alpha\alpha_firmware\Core\Src\stm32f1xx_hal_msp.c
2020-10-14 14:38:36,209 [INFO] CodeEngine:188 - oldGeneratedFile, D:\cytometr_firrmware-alpha\alpha_firmware\MXTmpFiles\system.tmp_save
2020-10-14 14:38:36,327 [INFO] CodeEngine:206 - Generated code: D:\cytometr_firrmware-alpha\alpha_firmware\MXTmpFiles\system.tmp
2020-10-14 14:38:36,378 [INFO] CodeEngine:188 - oldGeneratedFile, D:\cytometr_firrmware-alpha\alpha_firmware\Core\Inc\stm32f1xx_hal_conf.h_save
2020-10-14 14:38:36,650 [INFO] CodeEngine:206 - Generated code: D:\cytometr_firrmware-alpha\alpha_firmware\Core\Inc\stm32f1xx_hal_conf.h
2020-10-14 14:38:36,683 [WARN] IPConfigManager:2884 - IP not found : gpio
2020-10-14 14:38:36,684 [WARN] CodeGenerator:2866 - IP not found : gpio
2020-10-14 14:38:36,726 [INFO] CodeEngine:188 - oldGeneratedFile, D:\cytometr_firrmware-alpha\alpha_firmware\Core\Inc\main.h_save
2020-10-14 14:38:36,904 [INFO] CodeEngine:206 - Generated code: D:\cytometr_firrmware-alpha\alpha_firmware\Core\Inc\main.h
2020-10-14 14:38:36,958 [INFO] CodeEngine:188 - oldGeneratedFile, D:\cytometr_firrmware-alpha\alpha_firmware\Core\Src\main.c_save
2020-10-14 14:38:37,170 [INFO] CodeEngine:206 - Generated code: D:\cytometr_firrmware-alpha\alpha_firmware\Core\Src\main.c
2020-10-14 14:38:38,455 [INFO] ProjectBuilder:2168 - Time for Copy HAL[1] : 611mS.
2020-10-14 14:38:38,462 [INFO] ProjectBuilder:2988 - Project Generator version: 3.10.0-B14
2020-10-14 14:38:38,848 [INFO] ConfigFileManager:1183 - The Die is : DIE410
2020-10-14 14:38:41,305 [INFO] ProjectBuilder:3155 - Time for Generating toolchain IDE Files: 2843mS.
2020-10-14 14:38:41,306 [INFO] ProjectBuilder:2044 - Time for Copy CMSIS : 1mS.
2020-10-14 14:38:41,307 [INFO] ProjectBuilder:2044 - Time for Copy CMSIS : 0mS.
